Heroku URL: https://assignment-3-kshitija.herokuapp.com/

commit 3a8cb33651e36f21ed8c747c2e688de4e018d074 (HEAD -> master, origin/master, origin/HEAD)
Author: Kshitija-patel <kshitija.patel.kp@gmail.com>
Date:   Tue Nov 9 23:52:13 2021 -0500

    port updated

commit 3dbe8628af8a4558ac6e17a6e38707184d5e56b2
Author: Kshitija-patel <kshitija.patel.kp@gmail.com>
Date:   Tue Nov 9 23:47:10 2021 -0500

    Procfile added

commit bed7c8ee225bc322126a6800f2cb9bb8b5503e7b
Author: Kshitija-patel <kshitija.patel.kp@gmail.com>
Date:   Tue Nov 9 23:35:39 2021 -0500

    task 3:  PUSH some data

commit c217eb3fc5b672bf0eb838fa36ce2aad53c9d471
Author: Kshitija-patel <kshitija.patel.kp@gmail.com>
Date:   Tue Nov 9 22:59:41 2021 -0500

    task 2: GET a Local server working

commit 1f1ee8118d8e60f6ad5921bd14057596a12308d8
Author: Kshitija-patel <kshitija.patel.kp@gmail.com>
Date:   Tue Nov 9 22:22:51 2021 -0500

    task 1: Set up a JSON file

commit 39d086abf7fc91bf6e5b09702b3bf29cd4c895cd
Author: Kshitija-patel <55298718+Kshitija-patel@users.noreply.github.com>
Date:   Tue Nov 9 21:54:04 2021 -0500

    Initial commit